<?xml version="1.0" encoding="utf-8" standalone="no"?>
<!--This file represents the results of running a test suite-->
<test-results name="C:\Users\santhosh\Documents\Visual Studio 2010\Projects\DataLogger\DataLogger\bin\Debug\DataLogger.exe" total="2" errors="0" failures="0" not-run="0" inconclusive="0" ignored="0" skipped="0" invalid="0" date="2011-06-17" time="14:32:35">
  <environment nunit-version="2.5.10.11092" clr-version="2.0.50727.4961" os-version="Microsoft Windows NT 6.1.7600.0" platform="Win32NT" cwd="C:\Program Files (x86)\NUnit 2.5.10\bin\net-2.0" machine-name="SI-INDIA-NB-05" user="santhosh" user-domain="SI-India-NB-05" />
  <culture-info current-culture="en-IN" current-uiculture="en-US" />
  <test-suite type="Assembly" name="C:\Users\santhosh\Documents\Visual Studio 2010\Projects\DataLogger\DataLogger\bin\Debug\DataLogger.exe" executed="True" result="Success" success="True" time="0.004" asserts="0">
    <results>
      <test-suite type="Namespace" name="DataLogger" executed="True" result="Success" success="True" time="0.004" asserts="0">
        <results>
          <test-suite type="TestFixture" name="Form1Test" executed="True" result="Success" success="True" time="0.004" asserts="0">
            <results>
              <test-case name="DataLogger.Form1Test.CheckValidationFail" executed="True" result="Success" success="True" time="0.001" asserts="2" />
              <test-case name="DataLogger.Form1Test.CheckValidationPass" executed="True" result="Success" success="True" time="0.000" asserts="1" />
            </results>
          </test-suite>
        </results>
      </test-suite>
    </results>
  </test-suite>
</test-results>